2026-04-23 23:38:17,937 INFO o.a.j.u.JMeterUtils: Setting Locale to en_EN
2026-04-23 23:38:17,952 INFO o.a.j.JMeter: Loading user properties from: C:\Java\apache-jmeter-5.6.3\bin\user.properties
2026-04-23 23:38:17,953 INFO o.a.j.JMeter: Loading system properties from: C:\Java\apache-jmeter-5.6.3\bin\system.properties
2026-04-23 23:38:17,957 INFO o.a.j.JMeter: Copyright (c) 1998-2024 The Apache Software Foundation
2026-04-23 23:38:17,957 INFO o.a.j.JMeter: Version 5.6.3
2026-04-23 23:38:17,957 INFO o.a.j.JMeter: java.version=21.0.7
2026-04-23 23:38:17,957 INFO o.a.j.JMeter: java.vm.name=Java HotSpot(TM) 64-Bit Server VM
2026-04-23 23:38:17,957 INFO o.a.j.JMeter: os.name=Windows 11
2026-04-23 23:38:17,957 INFO o.a.j.JMeter: os.arch=amd64
2026-04-23 23:38:17,959 INFO o.a.j.JMeter: os.version=10.0
2026-04-23 23:38:17,959 INFO o.a.j.JMeter: file.encoding=UTF-8
2026-04-23 23:38:17,959 INFO o.a.j.JMeter: java.awt.headless=true
2026-04-23 23:38:17,959 INFO o.a.j.JMeter: Max memory     =1073741824
2026-04-23 23:38:17,959 INFO o.a.j.JMeter: Available Processors =20
2026-04-23 23:38:17,964 INFO o.a.j.JMeter: Default Locale=English (EN)
2026-04-23 23:38:17,964 INFO o.a.j.JMeter: JMeter  Locale=English (EN)
2026-04-23 23:38:17,964 INFO o.a.j.JMeter: JMeterHome=C:\Java\apache-jmeter-5.6.3
2026-04-23 23:38:17,964 INFO o.a.j.JMeter: user.dir  =D:\tpo\lab4
2026-04-23 23:38:17,965 INFO o.a.j.JMeter: PWD       =D:\tpo\lab4
2026-04-23 23:38:23,454 INFO o.a.j.JMeter: IP: 26.85.55.105 Name: DESKTOP-1FD8M7R FullName: DESKTOP-1FD8M7R
2026-04-23 23:38:23,482 INFO o.a.j.JMeter: Setting property 'jmeter.reportgenerator.outputdir' to:'D:\tpo\lab4\result_graph'
2026-04-23 23:38:23,491 INFO o.a.j.s.FileServer: Default base='D:\tpo\lab4'
2026-04-23 23:38:23,495 INFO o.a.j.s.FileServer: Set new base='D:\tpo\lab4'
2026-04-23 23:38:24,053 INFO o.a.j.s.SaveService: Testplan (JMX) version: 2.2. Testlog (JTL) version: 2.2
2026-04-23 23:38:24,123 INFO o.a.j.s.SaveService: Using SaveService properties version 5.0
2026-04-23 23:38:24,127 INFO o.a.j.s.SaveService: Using SaveService properties file encoding UTF-8
2026-04-23 23:38:24,135 INFO o.a.j.s.SaveService: Loading file: graph.jmx
2026-04-23 23:38:24,231 INFO o.a.j.p.h.s.HTTPSamplerBase: Parser for text/html is org.apache.jmeter.protocol.http.parser.LagartoBasedHtmlParser
2026-04-23 23:38:24,231 INFO o.a.j.p.h.s.HTTPSamplerBase: Parser for application/xhtml+xml is org.apache.jmeter.protocol.http.parser.LagartoBasedHtmlParser
2026-04-23 23:38:24,231 INFO o.a.j.p.h.s.HTTPSamplerBase: Parser for application/xml is org.apache.jmeter.protocol.http.parser.LagartoBasedHtmlParser
2026-04-23 23:38:24,232 INFO o.a.j.p.h.s.HTTPSamplerBase: Parser for text/xml is org.apache.jmeter.protocol.http.parser.LagartoBasedHtmlParser
2026-04-23 23:38:24,232 INFO o.a.j.p.h.s.HTTPSamplerBase: Parser for text/vnd.wap.wml is org.apache.jmeter.protocol.http.parser.RegexpHTMLParser
2026-04-23 23:38:24,232 INFO o.a.j.p.h.s.HTTPSamplerBase: Parser for text/css is org.apache.jmeter.protocol.http.parser.CssParser
2026-04-23 23:38:24,445 INFO o.a.j.JMeter: Creating summariser <summary>
2026-04-23 23:38:24,452 INFO o.a.j.r.d.ReportGenerator: ReportGenerator will use for Parsing the separator: ','
2026-04-23 23:38:24,452 INFO o.a.j.r.d.ReportGenerator: Will generate report at end of test from  results file: log.jtl
2026-04-23 23:38:24,452 INFO o.a.j.r.d.ReportGenerator: Reading report generator properties from: C:\Java\apache-jmeter-5.6.3\bin\reportgenerator.properties
2026-04-23 23:38:24,454 INFO o.a.j.r.d.ReportGenerator: Merging with JMeter properties
2026-04-23 23:38:24,462 INFO o.a.j.r.c.ReportGeneratorConfiguration: Property 'jmeter.reportgenerator.temp_dir' not found, using default value 'temp' instead.
2026-04-23 23:38:24,467 INFO o.a.j.r.c.ReportGeneratorConfiguration: Property 'jmeter.reportgenerator.apdex_per_transaction' not found, using default value 'null' instead.
2026-04-23 23:38:24,467 INFO o.a.j.r.c.ReportGeneratorConfiguration: apdex_per_transaction is empty, not APDEX per transaction customization
2026-04-23 23:38:24,467 INFO o.a.j.r.c.ReportGeneratorConfiguration: Property 'jmeter.reportgenerator.sample_filter' not found, using default value 'null' instead.
2026-04-23 23:38:24,468 INFO o.a.j.r.c.ReportGeneratorConfiguration: Property 'jmeter.reportgenerator.report_title' not found, using default value 'null' instead.
2026-04-23 23:38:24,468 INFO o.a.j.r.c.ReportGeneratorConfiguration: Property 'jmeter.reportgenerator.start_date' not found, using default value 'null' instead.
2026-04-23 23:38:24,468 INFO o.a.j.r.c.ReportGeneratorConfiguration: Property 'jmeter.reportgenerator.end_date' not found, using default value 'null' instead.
2026-04-23 23:38:24,468 INFO o.a.j.r.c.ReportGeneratorConfiguration: Property 'jmeter.reportgenerator.date_format' not found, using default value 'null' instead.
2026-04-23 23:38:24,469 INFO o.a.j.r.c.ReportGeneratorConfiguration: Will use date range start date: null, end date: null
2026-04-23 23:38:24,473 INFO o.a.j.r.c.ReportGeneratorConfiguration: Property 'jmeter.reportgenerator.graph.totalTPS.exclude_controllers' not found, using default value 'false' instead.
2026-04-23 23:38:24,474 INFO o.a.j.r.c.ReportGeneratorConfiguration: Property 'jmeter.reportgenerator.graph.activeThreadsOverTime.exclude_controllers' not found, using default value 'false' instead.
2026-04-23 23:38:24,474 INFO o.a.j.r.c.ReportGeneratorConfiguration: Property 'jmeter.reportgenerator.graph.timeVsThreads.exclude_controllers' not found, using default value 'false' instead.
2026-04-23 23:38:24,475 INFO o.a.j.r.c.ReportGeneratorConfiguration: Property 'jmeter.reportgenerator.graph.responseTimeDistribution.exclude_controllers' not found, using default value 'false' instead.
2026-04-23 23:38:24,475 INFO o.a.j.r.c.ReportGeneratorConfiguration: Property 'jmeter.reportgenerator.graph.transactionsPerSecond.exclude_controllers' not found, using default value 'false' instead.
2026-04-23 23:38:24,475 INFO o.a.j.r.c.ReportGeneratorConfiguration: Property 'jmeter.reportgenerator.graph.responseTimePercentiles.exclude_controllers' not found, using default value 'false' instead.
2026-04-23 23:38:24,476 INFO o.a.j.r.c.ReportGeneratorConfiguration: Property 'jmeter.reportgenerator.graph.responseTimePercentilesOverTime.exclude_controllers' not found, using default value 'false' instead.
2026-04-23 23:38:24,476 INFO o.a.j.r.c.ReportGeneratorConfiguration: Property 'jmeter.reportgenerator.graph.responseTimesOverTime.exclude_controllers' not found, using default value 'false' instead.
2026-04-23 23:38:24,476 INFO o.a.j.r.c.ReportGeneratorConfiguration: Property 'jmeter.reportgenerator.graph.connectTimeOverTime.exclude_controllers' not found, using default value 'false' instead.
2026-04-23 23:38:24,477 INFO o.a.j.r.c.ReportGeneratorConfiguration: Property 'jmeter.reportgenerator.graph.latenciesOverTime.exclude_controllers' not found, using default value 'false' instead.
2026-04-23 23:38:24,479 INFO o.a.j.r.c.ReportGeneratorConfiguration: Property 'jmeter.reportgenerator.exporter.json.filters_only_sample_series' not found, using default value 'true' instead.
2026-04-23 23:38:24,479 INFO o.a.j.r.c.ReportGeneratorConfiguration: Property 'jmeter.reportgenerator.exporter.json.series_filter' not found, using default value '' instead.
2026-04-23 23:38:24,479 INFO o.a.j.r.c.ReportGeneratorConfiguration: Property 'jmeter.reportgenerator.exporter.json.show_controllers_only' not found, using default value 'false' instead.
2026-04-23 23:38:24,480 INFO o.a.j.r.c.ReportGeneratorConfiguration: Property 'jmeter.reportgenerator.exporter.html.filters_only_sample_series' not found, using default value 'true' instead.
2026-04-23 23:38:24,480 INFO o.a.j.r.c.ReportGeneratorConfiguration: Property 'jmeter.reportgenerator.exporter.html.series_filter' not found, using default value '' instead.
2026-04-23 23:38:24,480 INFO o.a.j.r.c.ReportGeneratorConfiguration: Property 'jmeter.reportgenerator.exporter.html.show_controllers_only' not found, using default value 'false' instead.
2026-04-23 23:38:24,525 INFO o.a.j.e.StandardJMeterEngine: Running the test!
2026-04-23 23:38:24,527 INFO o.a.j.s.SampleEvent: List of sample_variables: []
2026-04-23 23:38:24,527 INFO o.a.j.s.SampleEvent: List of sample_variables: []
2026-04-23 23:38:24,536 INFO o.a.j.e.u.CompoundVariable: Note: Function class names must contain the string: '.functions.'
2026-04-23 23:38:24,536 INFO o.a.j.e.u.CompoundVariable: Note: Function class names must not contain the string: '.gui.'
2026-04-23 23:38:24,680 INFO o.a.j.r.ClassFinder: Will scan jar C:\Java\apache-jmeter-5.6.3\lib\ext\jmeter-plugins-manager-1.12.jar with filter ExtendsClassFilter [parents=[interface org.apache.jmeter.functions.Function], inner=false, contains=null, notContains=null]. Consider exposing JMeter plugins via META-INF/services, and add JMeter-Skip-Class-Scanning=true manifest attribute so JMeter can skip classfile scanning
2026-04-23 23:38:24,906 INFO o.a.j.r.ClassFinder: Will scan jar C:\Java\apache-jmeter-5.6.3\lib\ext\jmeter-plugins-graphs-basic-2.0.jar with filter ExtendsClassFilter [parents=[interface org.apache.jmeter.functions.Function], inner=false, contains=null, notContains=null]. Consider exposing JMeter plugins via META-INF/services, and add JMeter-Skip-Class-Scanning=true manifest attribute so JMeter can skip classfile scanning
2026-04-23 23:38:24,950 INFO o.a.j.JMeter: Running test (1776976704950)
2026-04-23 23:38:25,002 INFO o.a.j.e.StandardJMeterEngine: Starting ThreadGroup: 1 : 13 Users 1 Url
2026-04-23 23:38:25,004 INFO o.a.j.e.StandardJMeterEngine: Starting 50 threads for group 13 Users 1 Url.
2026-04-23 23:38:25,004 INFO o.a.j.e.StandardJMeterEngine: Thread will continue on error
2026-04-23 23:38:25,004 INFO o.a.j.t.ThreadGroup: Starting thread group... number=1 threads=50 ramp-up=100 delayedStart=false
2026-04-23 23:38:25,023 INFO o.a.j.t.JMeterThread: Thread started: 13 Users 1 Url 1-1
2026-04-23 23:38:25,047 INFO o.a.j.t.ThreadGroup: Started thread group number 1
2026-04-23 23:38:25,047 INFO o.a.j.e.StandardJMeterEngine: Starting ThreadGroup: 2 : 13 Users 2 Url
2026-04-23 23:38:25,047 INFO o.a.j.e.StandardJMeterEngine: Starting 50 threads for group 13 Users 2 Url.
2026-04-23 23:38:25,049 INFO o.a.j.e.StandardJMeterEngine: Thread will continue on error
2026-04-23 23:38:25,049 INFO o.a.j.t.ThreadGroup: Starting thread group... number=2 threads=50 ramp-up=100 delayedStart=false
2026-04-23 23:38:25,058 INFO o.a.j.t.JMeterThread: Thread started: 13 Users 2 Url 2-1
2026-04-23 23:38:25,075 INFO o.a.j.t.ThreadGroup: Started thread group number 2
2026-04-23 23:38:25,077 INFO o.a.j.e.StandardJMeterEngine: Starting ThreadGroup: 3 : 13 Users 3 Url
2026-04-23 23:38:25,077 INFO o.a.j.e.StandardJMeterEngine: Starting 50 threads for group 13 Users 3 Url.
2026-04-23 23:38:25,078 INFO o.a.j.e.StandardJMeterEngine: Thread will continue on error
2026-04-23 23:38:25,078 INFO o.a.j.t.ThreadGroup: Starting thread group... number=3 threads=50 ramp-up=100 delayedStart=false
2026-04-23 23:38:25,080 INFO o.a.j.t.JMeterThread: Thread started: 13 Users 3 Url 3-1
2026-04-23 23:38:25,082 INFO o.a.j.p.h.s.HTTPHCAbstractImpl: Local host = DESKTOP-1FD8M7R
2026-04-23 23:38:25,108 INFO o.a.j.p.h.s.HTTPHC4Impl: HTTP request retry count = 0
2026-04-23 23:38:25,110 INFO o.a.j.t.ThreadGroup: Started thread group number 3
2026-04-23 23:38:25,110 INFO o.a.j.e.StandardJMeterEngine: All thread groups have been started
2026-04-23 23:38:25,119 INFO o.a.j.s.SampleResult: Note: Sample TimeStamps are START times
2026-04-23 23:38:25,119 INFO o.a.j.s.SampleResult: sampleresult.default.encoding is set to UTF-8
2026-04-23 23:38:25,120 INFO o.a.j.s.SampleResult: sampleresult.useNanoTime=true
2026-04-23 23:38:25,120 INFO o.a.j.s.SampleResult: sampleresult.nanoThreadSleep=5000
2026-04-23 23:38:27,017 INFO o.a.j.t.JMeterThread: Thread started: 13 Users 1 Url 1-2
2026-04-23 23:38:27,051 INFO o.a.j.t.JMeterThread: Thread started: 13 Users 2 Url 2-2
2026-04-23 23:38:27,079 INFO o.a.j.t.JMeterThread: Thread started: 13 Users 3 Url 3-2
2026-04-23 23:38:29,018 INFO o.a.j.t.JMeterThread: Thread started: 13 Users 1 Url 1-3
2026-04-23 23:38:29,052 INFO o.a.j.t.JMeterThread: Thread started: 13 Users 2 Url 2-3
2026-04-23 23:38:29,091 INFO o.a.j.t.JMeterThread: Thread started: 13 Users 3 Url 3-3
2026-04-23 23:38:30,193 INFO o.a.j.r.Summariser: summary +     28 in 00:00:05 =    5.3/s Avg:   807 Min:   509 Max:  1381 Err:     0 (0.00%) Active: 9 Started: 9 Finished: 0
2026-04-23 23:38:31,016 INFO o.a.j.t.JMeterThread: Thread started: 13 Users 1 Url 1-4
2026-04-23 23:38:31,051 INFO o.a.j.t.JMeterThread: Thread started: 13 Users 2 Url 2-4
2026-04-23 23:38:31,094 INFO o.a.j.t.JMeterThread: Thread started: 13 Users 3 Url 3-4
2026-04-23 23:38:33,016 INFO o.a.j.t.JMeterThread: Thread started: 13 Users 1 Url 1-5
2026-04-23 23:38:33,064 INFO o.a.j.t.JMeterThread: Thread started: 13 Users 2 Url 2-5
2026-04-23 23:38:33,079 INFO o.a.j.t.JMeterThread: Thread started: 13 Users 3 Url 3-5
2026-04-23 23:38:35,019 INFO o.a.j.t.JMeterThread: Thread started: 13 Users 1 Url 1-6
2026-04-23 23:38:35,051 INFO o.a.j.t.JMeterThread: Thread started: 13 Users 2 Url 2-6
2026-04-23 23:38:35,087 INFO o.a.j.t.JMeterThread: Thread started: 13 Users 3 Url 3-6
2026-04-23 23:38:37,027 INFO o.a.j.t.JMeterThread: Thread started: 13 Users 1 Url 1-7
2026-04-23 23:38:37,054 INFO o.a.j.t.JMeterThread: Thread started: 13 Users 2 Url 2-7
2026-04-23 23:38:37,085 INFO o.a.j.t.JMeterThread: Thread started: 13 Users 3 Url 3-7
2026-04-23 23:38:39,015 INFO o.a.j.t.JMeterThread: Thread started: 13 Users 1 Url 1-8
2026-04-23 23:38:39,051 INFO o.a.j.t.JMeterThread: Thread started: 13 Users 2 Url 2-8
2026-04-23 23:38:39,095 INFO o.a.j.t.JMeterThread: Thread started: 13 Users 3 Url 3-8
2026-04-23 23:38:41,012 INFO o.a.j.t.JMeterThread: Thread started: 13 Users 1 Url 1-9
2026-04-23 23:38:41,051 INFO o.a.j.t.JMeterThread: Thread started: 13 Users 2 Url 2-9
2026-04-23 23:38:41,114 INFO o.a.j.t.JMeterThread: Thread started: 13 Users 3 Url 3-9
2026-04-23 23:38:43,027 INFO o.a.j.t.JMeterThread: Thread started: 13 Users 1 Url 1-10
2026-04-23 23:38:43,067 INFO o.a.j.t.JMeterThread: Thread started: 13 Users 2 Url 2-10
2026-04-23 23:38:43,094 INFO o.a.j.t.JMeterThread: Thread started: 13 Users 3 Url 3-10
2026-04-23 23:38:45,011 INFO o.a.j.t.JMeterThread: Thread started: 13 Users 1 Url 1-11
2026-04-23 23:38:45,052 INFO o.a.j.t.JMeterThread: Thread started: 13 Users 2 Url 2-11
2026-04-23 23:38:45,089 INFO o.a.j.t.JMeterThread: Thread started: 13 Users 3 Url 3-11
2026-04-23 23:38:47,023 INFO o.a.j.t.JMeterThread: Thread started: 13 Users 1 Url 1-12
2026-04-23 23:38:47,067 INFO o.a.j.t.JMeterThread: Thread started: 13 Users 2 Url 2-12
2026-04-23 23:38:47,085 INFO o.a.j.t.JMeterThread: Thread started: 13 Users 3 Url 3-12
2026-04-23 23:38:49,009 INFO o.a.j.t.JMeterThread: Thread started: 13 Users 1 Url 1-13
2026-04-23 23:38:49,062 INFO o.a.j.t.JMeterThread: Thread started: 13 Users 2 Url 2-13
2026-04-23 23:38:49,093 INFO o.a.j.t.JMeterThread: Thread started: 13 Users 3 Url 3-13
2026-04-23 23:38:51,016 INFO o.a.j.t.JMeterThread: Thread started: 13 Users 1 Url 1-14
2026-04-23 23:38:51,062 INFO o.a.j.t.JMeterThread: Thread started: 13 Users 2 Url 2-14
2026-04-23 23:38:51,095 INFO o.a.j.t.JMeterThread: Thread started: 13 Users 3 Url 3-14
2026-04-23 23:38:53,019 INFO o.a.j.t.JMeterThread: Thread started: 13 Users 1 Url 1-15
2026-04-23 23:38:53,065 INFO o.a.j.t.JMeterThread: Thread started: 13 Users 2 Url 2-15
2026-04-23 23:38:53,095 INFO o.a.j.t.JMeterThread: Thread started: 13 Users 3 Url 3-15
2026-04-23 23:38:55,011 INFO o.a.j.t.JMeterThread: Thread started: 13 Users 1 Url 1-16
2026-04-23 23:38:55,052 INFO o.a.j.t.JMeterThread: Thread started: 13 Users 2 Url 2-16
2026-04-23 23:38:55,091 INFO o.a.j.t.JMeterThread: Thread started: 13 Users 3 Url 3-16
2026-04-23 23:38:57,011 INFO o.a.j.t.JMeterThread: Thread started: 13 Users 1 Url 1-17
2026-04-23 23:38:57,062 INFO o.a.j.t.JMeterThread: Thread started: 13 Users 2 Url 2-17
2026-04-23 23:38:57,092 INFO o.a.j.t.JMeterThread: Thread started: 13 Users 3 Url 3-17
2026-04-23 23:38:59,011 INFO o.a.j.t.JMeterThread: Thread started: 13 Users 1 Url 1-18
2026-04-23 23:38:59,062 INFO o.a.j.t.JMeterThread: Thread started: 13 Users 2 Url 2-18
2026-04-23 23:38:59,091 INFO o.a.j.t.JMeterThread: Thread started: 13 Users 3 Url 3-18
2026-04-23 23:39:00,230 INFO o.a.j.r.Summariser: summary +    612 in 00:00:30 =   20.4/s Avg:  1438 Min:   530 Max:  3019 Err:     0 (0.00%) Active: 54 Started: 54 Finished: 0
2026-04-23 23:39:00,233 INFO o.a.j.r.Summariser: summary =    640 in 00:00:35 =   18.1/s Avg:  1410 Min:   509 Max:  3019 Err:     0 (0.00%)
2026-04-23 23:39:01,019 INFO o.a.j.t.JMeterThread: Thread started: 13 Users 1 Url 1-19
2026-04-23 23:39:01,051 INFO o.a.j.t.JMeterThread: Thread started: 13 Users 2 Url 2-19
2026-04-23 23:39:01,094 INFO o.a.j.t.JMeterThread: Thread started: 13 Users 3 Url 3-19
2026-04-23 23:39:03,008 INFO o.a.j.t.JMeterThread: Thread started: 13 Users 1 Url 1-20
2026-04-23 23:39:03,054 INFO o.a.j.t.JMeterThread: Thread started: 13 Users 2 Url 2-20
2026-04-23 23:39:03,084 INFO o.a.j.t.JMeterThread: Thread started: 13 Users 3 Url 3-20
2026-04-23 23:39:05,008 INFO o.a.j.t.JMeterThread: Thread started: 13 Users 1 Url 1-21
2026-04-23 23:39:05,053 INFO o.a.j.t.JMeterThread: Thread started: 13 Users 2 Url 2-21
2026-04-23 23:39:05,081 INFO o.a.j.t.JMeterThread: Thread started: 13 Users 3 Url 3-21
2026-04-23 23:39:07,008 INFO o.a.j.t.JMeterThread: Thread started: 13 Users 1 Url 1-22
2026-04-23 23:39:07,052 INFO o.a.j.t.JMeterThread: Thread started: 13 Users 2 Url 2-22
2026-04-23 23:39:07,087 INFO o.a.j.t.JMeterThread: Thread started: 13 Users 3 Url 3-22
2026-04-23 23:39:09,006 INFO o.a.j.t.JMeterThread: Thread started: 13 Users 1 Url 1-23
2026-04-23 23:39:09,052 INFO o.a.j.t.JMeterThread: Thread started: 13 Users 2 Url 2-23
2026-04-23 23:39:09,083 INFO o.a.j.t.JMeterThread: Thread started: 13 Users 3 Url 3-23
2026-04-23 23:39:11,009 INFO o.a.j.t.JMeterThread: Thread started: 13 Users 1 Url 1-24
2026-04-23 23:39:11,050 INFO o.a.j.t.JMeterThread: Thread started: 13 Users 2 Url 2-24
2026-04-23 23:39:11,083 INFO o.a.j.t.JMeterThread: Thread started: 13 Users 3 Url 3-24
2026-04-23 23:39:13,009 INFO o.a.j.t.JMeterThread: Thread started: 13 Users 1 Url 1-25
2026-04-23 23:39:13,051 INFO o.a.j.t.JMeterThread: Thread started: 13 Users 2 Url 2-25
2026-04-23 23:39:13,081 INFO o.a.j.t.JMeterThread: Thread started: 13 Users 3 Url 3-25
2026-04-23 23:39:15,006 INFO o.a.j.t.JMeterThread: Thread started: 13 Users 1 Url 1-26
2026-04-23 23:39:15,051 INFO o.a.j.t.JMeterThread: Thread started: 13 Users 2 Url 2-26
2026-04-23 23:39:15,083 INFO o.a.j.t.JMeterThread: Thread started: 13 Users 3 Url 3-26
2026-04-23 23:39:17,006 INFO o.a.j.t.JMeterThread: Thread started: 13 Users 1 Url 1-27
2026-04-23 23:39:17,053 INFO o.a.j.t.JMeterThread: Thread started: 13 Users 2 Url 2-27
2026-04-23 23:39:17,081 INFO o.a.j.t.JMeterThread: Thread started: 13 Users 3 Url 3-27
2026-04-23 23:39:19,005 INFO o.a.j.t.JMeterThread: Thread started: 13 Users 1 Url 1-28
2026-04-23 23:39:19,050 INFO o.a.j.t.JMeterThread: Thread started: 13 Users 2 Url 2-28
2026-04-23 23:39:19,081 INFO o.a.j.t.JMeterThread: Thread started: 13 Users 3 Url 3-28
2026-04-23 23:39:21,007 INFO o.a.j.t.JMeterThread: Thread started: 13 Users 1 Url 1-29
2026-04-23 23:39:21,051 INFO o.a.j.t.JMeterThread: Thread started: 13 Users 2 Url 2-29
2026-04-23 23:39:21,079 INFO o.a.j.t.JMeterThread: Thread started: 13 Users 3 Url 3-29
2026-04-23 23:39:23,008 INFO o.a.j.t.JMeterThread: Thread started: 13 Users 1 Url 1-30
2026-04-23 23:39:23,050 INFO o.a.j.t.JMeterThread: Thread started: 13 Users 2 Url 2-30
2026-04-23 23:39:23,079 INFO o.a.j.t.JMeterThread: Thread started: 13 Users 3 Url 3-30
2026-04-23 23:39:25,007 INFO o.a.j.t.JMeterThread: Thread started: 13 Users 1 Url 1-31
2026-04-23 23:39:25,051 INFO o.a.j.t.JMeterThread: Thread started: 13 Users 2 Url 2-31
2026-04-23 23:39:25,080 INFO o.a.j.t.JMeterThread: Thread started: 13 Users 3 Url 3-31
2026-04-23 23:39:27,006 INFO o.a.j.t.JMeterThread: Thread started: 13 Users 1 Url 1-32
2026-04-23 23:39:27,051 INFO o.a.j.t.JMeterThread: Thread started: 13 Users 2 Url 2-32
2026-04-23 23:39:27,081 INFO o.a.j.t.JMeterThread: Thread started: 13 Users 3 Url 3-32
2026-04-23 23:39:29,010 INFO o.a.j.t.JMeterThread: Thread started: 13 Users 1 Url 1-33
2026-04-23 23:39:29,051 INFO o.a.j.t.JMeterThread: Thread started: 13 Users 2 Url 2-33
2026-04-23 23:39:29,081 INFO o.a.j.t.JMeterThread: Thread started: 13 Users 3 Url 3-33
2026-04-23 23:39:30,218 INFO o.a.j.r.Summariser: summary +    694 in 00:00:30 =   23.1/s Avg:  3067 Min:  1673 Max:  5678 Err:     0 (0.00%) Active: 99 Started: 99 Finished: 0
2026-04-23 23:39:30,222 INFO o.a.j.r.Summariser: summary =   1334 in 00:01:05 =   20.4/s Avg:  2272 Min:   509 Max:  5678 Err:     0 (0.00%)
2026-04-23 23:39:31,010 INFO o.a.j.t.JMeterThread: Thread started: 13 Users 1 Url 1-34
2026-04-23 23:39:31,051 INFO o.a.j.t.JMeterThread: Thread started: 13 Users 2 Url 2-34
2026-04-23 23:39:31,081 INFO o.a.j.t.JMeterThread: Thread started: 13 Users 3 Url 3-34
2026-04-23 23:39:33,010 INFO o.a.j.t.JMeterThread: Thread started: 13 Users 1 Url 1-35
2026-04-23 23:39:33,050 INFO o.a.j.t.JMeterThread: Thread started: 13 Users 2 Url 2-35
2026-04-23 23:39:33,082 INFO o.a.j.t.JMeterThread: Thread started: 13 Users 3 Url 3-35
2026-04-23 23:39:35,009 INFO o.a.j.t.JMeterThread: Thread started: 13 Users 1 Url 1-36
2026-04-23 23:39:35,052 INFO o.a.j.t.JMeterThread: Thread started: 13 Users 2 Url 2-36
2026-04-23 23:39:35,079 INFO o.a.j.t.JMeterThread: Thread started: 13 Users 3 Url 3-36
2026-04-23 23:39:37,008 INFO o.a.j.t.JMeterThread: Thread started: 13 Users 1 Url 1-37
2026-04-23 23:39:37,050 INFO o.a.j.t.JMeterThread: Thread started: 13 Users 2 Url 2-37
2026-04-23 23:39:37,080 INFO o.a.j.t.JMeterThread: Thread started: 13 Users 3 Url 3-37
2026-04-23 23:39:39,008 INFO o.a.j.t.JMeterThread: Thread started: 13 Users 1 Url 1-38
2026-04-23 23:39:39,052 INFO o.a.j.t.JMeterThread: Thread started: 13 Users 2 Url 2-38
2026-04-23 23:39:39,080 INFO o.a.j.t.JMeterThread: Thread started: 13 Users 3 Url 3-38
2026-04-23 23:39:41,008 INFO o.a.j.t.JMeterThread: Thread started: 13 Users 1 Url 1-39
2026-04-23 23:39:41,051 INFO o.a.j.t.JMeterThread: Thread started: 13 Users 2 Url 2-39
2026-04-23 23:39:41,079 INFO o.a.j.t.JMeterThread: Thread started: 13 Users 3 Url 3-39
2026-04-23 23:39:43,008 INFO o.a.j.t.JMeterThread: Thread started: 13 Users 1 Url 1-40
2026-04-23 23:39:43,054 INFO o.a.j.t.JMeterThread: Thread started: 13 Users 2 Url 2-40
2026-04-23 23:39:43,080 INFO o.a.j.t.JMeterThread: Thread started: 13 Users 3 Url 3-40
2026-04-23 23:39:45,006 INFO o.a.j.t.JMeterThread: Thread started: 13 Users 1 Url 1-41
2026-04-23 23:39:45,051 INFO o.a.j.t.JMeterThread: Thread started: 13 Users 2 Url 2-41
2026-04-23 23:39:45,080 INFO o.a.j.t.JMeterThread: Thread started: 13 Users 3 Url 3-41
2026-04-23 23:39:47,009 INFO o.a.j.t.JMeterThread: Thread started: 13 Users 1 Url 1-42
2026-04-23 23:39:47,053 INFO o.a.j.t.JMeterThread: Thread started: 13 Users 2 Url 2-42
2026-04-23 23:39:47,081 INFO o.a.j.t.JMeterThread: Thread started: 13 Users 3 Url 3-42
2026-04-23 23:39:49,007 INFO o.a.j.t.JMeterThread: Thread started: 13 Users 1 Url 1-43
2026-04-23 23:39:49,052 INFO o.a.j.t.JMeterThread: Thread started: 13 Users 2 Url 2-43
2026-04-23 23:39:49,080 INFO o.a.j.t.JMeterThread: Thread started: 13 Users 3 Url 3-43
2026-04-23 23:39:51,019 INFO o.a.j.t.JMeterThread: Thread started: 13 Users 1 Url 1-44
2026-04-23 23:39:51,051 INFO o.a.j.t.JMeterThread: Thread started: 13 Users 2 Url 2-44
2026-04-23 23:39:51,080 INFO o.a.j.t.JMeterThread: Thread started: 13 Users 3 Url 3-44
2026-04-23 23:39:53,007 INFO o.a.j.t.JMeterThread: Thread started: 13 Users 1 Url 1-45
2026-04-23 23:39:53,051 INFO o.a.j.t.JMeterThread: Thread started: 13 Users 2 Url 2-45
2026-04-23 23:39:53,079 INFO o.a.j.t.JMeterThread: Thread started: 13 Users 3 Url 3-45
2026-04-23 23:39:55,008 INFO o.a.j.t.JMeterThread: Thread started: 13 Users 1 Url 1-46
2026-04-23 23:39:55,051 INFO o.a.j.t.JMeterThread: Thread started: 13 Users 2 Url 2-46
2026-04-23 23:39:55,081 INFO o.a.j.t.JMeterThread: Thread started: 13 Users 3 Url 3-46
2026-04-23 23:39:57,006 INFO o.a.j.t.JMeterThread: Thread started: 13 Users 1 Url 1-47
2026-04-23 23:39:57,050 INFO o.a.j.t.JMeterThread: Thread started: 13 Users 2 Url 2-47
2026-04-23 23:39:57,081 INFO o.a.j.t.JMeterThread: Thread started: 13 Users 3 Url 3-47
2026-04-23 23:39:59,005 INFO o.a.j.t.JMeterThread: Thread started: 13 Users 1 Url 1-48
2026-04-23 23:39:59,050 INFO o.a.j.t.JMeterThread: Thread started: 13 Users 2 Url 2-48
2026-04-23 23:39:59,080 INFO o.a.j.t.JMeterThread: Thread started: 13 Users 3 Url 3-48
2026-04-23 23:40:00,313 INFO o.a.j.r.Summariser: summary +    711 in 00:00:30 =   23.6/s Avg:  4947 Min:  2792 Max:  8010 Err:     1 (0.14%) Active: 144 Started: 144 Finished: 0
2026-04-23 23:40:00,315 INFO o.a.j.r.Summariser: summary =   2045 in 00:01:35 =   21.4/s Avg:  3202 Min:   509 Max:  8010 Err:     1 (0.05%)
2026-04-23 23:40:01,005 INFO o.a.j.t.JMeterThread: Thread started: 13 Users 1 Url 1-49
2026-04-23 23:40:01,050 INFO o.a.j.t.JMeterThread: Thread started: 13 Users 2 Url 2-49
2026-04-23 23:40:01,080 INFO o.a.j.t.JMeterThread: Thread started: 13 Users 3 Url 3-49
2026-04-23 23:40:03,006 INFO o.a.j.t.JMeterThread: Thread started: 13 Users 1 Url 1-50
2026-04-23 23:40:03,052 INFO o.a.j.t.JMeterThread: Thread started: 13 Users 2 Url 2-50
2026-04-23 23:40:03,079 INFO o.a.j.t.JMeterThread: Thread started: 13 Users 3 Url 3-50
2026-04-23 23:40:30,377 INFO o.a.j.r.Summariser: summary +    706 in 00:00:30 =   23.5/s Avg:  6163 Min:  4374 Max:  8959 Err:    26 (3.68%) Active: 150 Started: 150 Finished: 0
2026-04-23 23:40:30,378 INFO o.a.j.r.Summariser: summary =   2751 in 00:02:05 =   21.9/s Avg:  3962 Min:   509 Max:  8959 Err:    27 (0.98%)
2026-04-23 23:40:55,130 INFO o.a.j.t.JMeterThread: Stopping because end time detected by thread: 13 Users 1 Url 1-17
2026-04-23 23:40:55,130 INFO o.a.j.t.JMeterThread: Stopping because end time detected by thread: 13 Users 1 Url 1-38
2026-04-23 23:40:55,131 INFO o.a.j.t.JMeterThread: Stopping because end time detected by thread: 13 Users 1 Url 1-40
2026-04-23 23:40:55,131 INFO o.a.j.t.JMeterThread: Thread finished: 13 Users 1 Url 1-17
2026-04-23 23:40:55,131 INFO o.a.j.t.JMeterThread: Thread finished: 13 Users 1 Url 1-38
2026-04-23 23:40:55,131 INFO o.a.j.t.JMeterThread: Stopping because end time detected by thread: 13 Users 1 Url 1-3
2026-04-23 23:40:55,131 INFO o.a.j.t.JMeterThread: Stopping because end time detected by thread: 13 Users 1 Url 1-28
2026-04-23 23:40:55,131 INFO o.a.j.t.JMeterThread: Stopping because end time detected by thread: 13 Users 1 Url 1-44
2026-04-23 23:40:55,131 INFO o.a.j.t.JMeterThread: Thread finished: 13 Users 1 Url 1-3
2026-04-23 23:40:55,131 INFO o.a.j.t.JMeterThread: Stopping because end time detected by thread: 13 Users 1 Url 1-41
2026-04-23 23:40:55,131 INFO o.a.j.t.JMeterThread: Thread finished: 13 Users 1 Url 1-40
2026-04-23 23:40:55,131 INFO o.a.j.t.JMeterThread: Thread finished: 13 Users 1 Url 1-41
2026-04-23 23:40:55,131 INFO o.a.j.t.JMeterThread: Stopping because end time detected by thread: 13 Users 1 Url 1-15
2026-04-23 23:40:55,131 INFO o.a.j.t.JMeterThread: Thread finished: 13 Users 1 Url 1-15
2026-04-23 23:40:55,131 INFO o.a.j.t.JMeterThread: Thread finished: 13 Users 1 Url 1-28
2026-04-23 23:40:55,131 INFO o.a.j.t.JMeterThread: Stopping because end time detected by thread: 13 Users 1 Url 1-7
2026-04-23 23:40:55,131 INFO o.a.j.t.JMeterThread: Thread finished: 13 Users 1 Url 1-44
2026-04-23 23:40:55,131 INFO o.a.j.t.JMeterThread: Thread finished: 13 Users 1 Url 1-7
2026-04-23 23:40:55,131 INFO o.a.j.t.JMeterThread: Stopping because end time detected by thread: 13 Users 2 Url 2-25
2026-04-23 23:40:55,131 INFO o.a.j.t.JMeterThread: Thread finished: 13 Users 2 Url 2-25
2026-04-23 23:40:55,133 INFO o.a.j.t.JMeterThread: Stopping because end time detected by thread: 13 Users 1 Url 1-46
2026-04-23 23:40:55,133 INFO o.a.j.t.JMeterThread: Thread finished: 13 Users 1 Url 1-46
2026-04-23 23:40:55,133 INFO o.a.j.t.JMeterThread: Stopping because end time detected by thread: 13 Users 3 Url 3-48
2026-04-23 23:40:55,133 INFO o.a.j.t.JMeterThread: Thread finished: 13 Users 3 Url 3-48
2026-04-23 23:40:55,133 INFO o.a.j.t.JMeterThread: Stopping because end time detected by thread: 13 Users 1 Url 1-16
2026-04-23 23:40:55,133 INFO o.a.j.t.JMeterThread: Thread finished: 13 Users 1 Url 1-16
2026-04-23 23:40:55,134 INFO o.a.j.t.JMeterThread: Stopping because end time detected by thread: 13 Users 3 Url 3-16
2026-04-23 23:40:55,135 INFO o.a.j.t.JMeterThread: Stopping because end time detected by thread: 13 Users 2 Url 2-27
2026-04-23 23:40:55,135 INFO o.a.j.t.JMeterThread: Stopping because end time detected by thread: 13 Users 3 Url 3-36
2026-04-23 23:40:55,135 INFO o.a.j.t.JMeterThread: Thread finished: 13 Users 3 Url 3-16
2026-04-23 23:40:55,135 INFO o.a.j.t.JMeterThread: Thread finished: 13 Users 2 Url 2-27
2026-04-23 23:40:55,135 INFO o.a.j.t.JMeterThread: Thread finished: 13 Users 3 Url 3-36
2026-04-23 23:40:55,135 INFO o.a.j.t.JMeterThread: Stopping because end time detected by thread: 13 Users 2 Url 2-24
2026-04-23 23:40:55,135 INFO o.a.j.t.JMeterThread: Thread finished: 13 Users 2 Url 2-24
2026-04-23 23:40:55,135 INFO o.a.j.t.JMeterThread: Stopping because end time detected by thread: 13 Users 2 Url 2-34
2026-04-23 23:40:55,136 INFO o.a.j.t.JMeterThread: Thread finished: 13 Users 2 Url 2-34
2026-04-23 23:40:55,136 INFO o.a.j.t.JMeterThread: Stopping because end time detected by thread: 13 Users 2 Url 2-30
2026-04-23 23:40:55,136 INFO o.a.j.t.JMeterThread: Thread finished: 13 Users 2 Url 2-30
2026-04-23 23:40:55,136 INFO o.a.j.t.JMeterThread: Stopping because end time detected by thread: 13 Users 2 Url 2-44
2026-04-23 23:40:55,136 INFO o.a.j.t.JMeterThread: Thread finished: 13 Users 2 Url 2-44
2026-04-23 23:40:55,136 INFO o.a.j.t.JMeterThread: Stopping because end time detected by thread: 13 Users 3 Url 3-22
2026-04-23 23:40:55,136 INFO o.a.j.t.JMeterThread: Stopping because end time detected by thread: 13 Users 3 Url 3-8
2026-04-23 23:40:55,136 INFO o.a.j.t.JMeterThread: Stopping because end time detected by thread: 13 Users 3 Url 3-42
2026-04-23 23:40:55,136 INFO o.a.j.t.JMeterThread: Thread finished: 13 Users 3 Url 3-8
2026-04-23 23:40:55,136 INFO o.a.j.t.JMeterThread: Thread finished: 13 Users 3 Url 3-42
2026-04-23 23:40:55,136 INFO o.a.j.t.JMeterThread: Thread finished: 13 Users 3 Url 3-22
2026-04-23 23:40:55,136 INFO o.a.j.t.JMeterThread: Stopping because end time detected by thread: 13 Users 3 Url 3-31
2026-04-23 23:40:55,136 INFO o.a.j.t.JMeterThread: Thread finished: 13 Users 3 Url 3-31
2026-04-23 23:40:55,920 INFO o.a.j.t.JMeterThread: Stopping because end time detected by thread: 13 Users 2 Url 2-29
2026-04-23 23:40:55,920 INFO o.a.j.t.JMeterThread: Thread finished: 13 Users 2 Url 2-29
2026-04-23 23:40:55,921 INFO o.a.j.t.JMeterThread: Stopping because end time detected by thread: 13 Users 2 Url 2-50
2026-04-23 23:40:55,921 INFO o.a.j.t.JMeterThread: Thread finished: 13 Users 2 Url 2-50
2026-04-23 23:40:55,921 INFO o.a.j.t.JMeterThread: Stopping because end time detected by thread: 13 Users 3 Url 3-15
2026-04-23 23:40:55,922 INFO o.a.j.t.JMeterThread: Thread finished: 13 Users 3 Url 3-15
2026-04-23 23:40:55,923 INFO o.a.j.t.JMeterThread: Stopping because end time detected by thread: 13 Users 3 Url 3-34
2026-04-23 23:40:55,923 INFO o.a.j.t.JMeterThread: Stopping because end time detected by thread: 13 Users 3 Url 3-17
2026-04-23 23:40:55,923 INFO o.a.j.t.JMeterThread: Thread finished: 13 Users 3 Url 3-34
2026-04-23 23:40:55,923 INFO o.a.j.t.JMeterThread: Thread finished: 13 Users 3 Url 3-17
2026-04-23 23:40:55,926 INFO o.a.j.t.JMeterThread: Stopping because end time detected by thread: 13 Users 3 Url 3-14
2026-04-23 23:40:55,926 INFO o.a.j.t.JMeterThread: Stopping because end time detected by thread: 13 Users 2 Url 2-45
2026-04-23 23:40:55,926 INFO o.a.j.t.JMeterThread: Stopping because end time detected by thread: 13 Users 3 Url 3-2
2026-04-23 23:40:55,926 INFO o.a.j.t.JMeterThread: Thread finished: 13 Users 3 Url 3-14
2026-04-23 23:40:55,926 INFO o.a.j.t.JMeterThread: Thread finished: 13 Users 2 Url 2-45
2026-04-23 23:40:55,928 INFO o.a.j.t.JMeterThread: Thread finished: 13 Users 3 Url 3-2
2026-04-23 23:40:55,926 INFO o.a.j.t.JMeterThread: Stopping because end time detected by thread: 13 Users 3 Url 3-23
2026-04-23 23:40:55,928 INFO o.a.j.t.JMeterThread: Thread finished: 13 Users 3 Url 3-23
2026-04-23 23:40:57,345 INFO o.a.j.t.JMeterThread: Stopping because end time detected by thread: 13 Users 3 Url 3-27
2026-04-23 23:40:57,345 INFO o.a.j.t.JMeterThread: Stopping because end time detected by thread: 13 Users 2 Url 2-32
2026-04-23 23:40:57,346 INFO o.a.j.t.JMeterThread: Stopping because end time detected by thread: 13 Users 1 Url 1-27
2026-04-23 23:40:57,346 INFO o.a.j.t.JMeterThread: Stopping because end time detected by thread: 13 Users 3 Url 3-47
2026-04-23 23:40:57,346 INFO o.a.j.t.JMeterThread: Thread finished: 13 Users 1 Url 1-27
2026-04-23 23:40:57,346 INFO o.a.j.t.JMeterThread: Thread finished: 13 Users 3 Url 3-47
2026-04-23 23:40:57,346 INFO o.a.j.t.JMeterThread: Stopping because end time detected by thread: 13 Users 2 Url 2-43
2026-04-23 23:40:57,346 INFO o.a.j.t.JMeterThread: Thread finished: 13 Users 2 Url 2-32
2026-04-23 23:40:57,346 INFO o.a.j.t.JMeterThread: Thread finished: 13 Users 2 Url 2-43
2026-04-23 23:40:57,346 INFO o.a.j.t.JMeterThread: Stopping because end time detected by thread: 13 Users 3 Url 3-24
2026-04-23 23:40:57,346 INFO o.a.j.t.JMeterThread: Stopping because end time detected by thread: 13 Users 3 Url 3-50
2026-04-23 23:40:57,345 INFO o.a.j.t.JMeterThread: Thread finished: 13 Users 3 Url 3-27
2026-04-23 23:40:57,345 INFO o.a.j.t.JMeterThread: Stopping because end time detected by thread: 13 Users 2 Url 2-16
2026-04-23 23:40:57,347 INFO o.a.j.t.JMeterThread: Stopping because end time detected by thread: 13 Users 2 Url 2-38
2026-04-23 23:40:57,347 INFO o.a.j.t.JMeterThread: Stopping because end time detected by thread: 13 Users 3 Url 3-12
2026-04-23 23:40:57,346 INFO o.a.j.t.JMeterThread: Thread finished: 13 Users 3 Url 3-24
2026-04-23 23:40:57,347 INFO o.a.j.t.JMeterThread: Stopping because end time detected by thread: 13 Users 2 Url 2-33
2026-04-23 23:40:57,347 INFO o.a.j.t.JMeterThread: Thread finished: 13 Users 3 Url 3-12
2026-04-23 23:40:57,347 INFO o.a.j.t.JMeterThread: Thread finished: 13 Users 2 Url 2-38
2026-04-23 23:40:57,347 INFO o.a.j.t.JMeterThread: Thread finished: 13 Users 2 Url 2-33
2026-04-23 23:40:57,346 INFO o.a.j.t.JMeterThread: Stopping because end time detected by thread: 13 Users 2 Url 2-39
2026-04-23 23:40:57,348 INFO o.a.j.t.JMeterThread: Thread finished: 13 Users 3 Url 3-50
2026-04-23 23:40:57,346 INFO o.a.j.t.JMeterThread: Stopping because end time detected by thread: 13 Users 3 Url 3-25
2026-04-23 23:40:57,348 INFO o.a.j.t.JMeterThread: Stopping because end time detected by thread: 13 Users 3 Url 3-19
2026-04-23 23:40:57,348 INFO o.a.j.t.JMeterThread: Thread finished: 13 Users 3 Url 3-25
2026-04-23 23:40:57,348 INFO o.a.j.t.JMeterThread: Thread finished: 13 Users 3 Url 3-19
2026-04-23 23:40:57,346 INFO o.a.j.t.JMeterThread: Stopping because end time detected by thread: 13 Users 2 Url 2-19
2026-04-23 23:40:57,348 INFO o.a.j.t.JMeterThread: Stopping because end time detected by thread: 13 Users 3 Url 3-1
2026-04-23 23:40:57,346 INFO o.a.j.t.JMeterThread: Stopping because end time detected by thread: 13 Users 2 Url 2-23
2026-04-23 23:40:57,346 INFO o.a.j.t.JMeterThread: Stopping because end time detected by thread: 13 Users 1 Url 1-12
2026-04-23 23:40:57,348 INFO o.a.j.t.JMeterThread: Stopping because end time detected by thread: 13 Users 3 Url 3-13
2026-04-23 23:40:57,346 INFO o.a.j.t.JMeterThread: Stopping because end time detected by thread: 13 Users 2 Url 2-42
2026-04-23 23:40:57,348 INFO o.a.j.t.JMeterThread: Thread finished: 13 Users 2 Url 2-23
2026-04-23 23:40:57,348 INFO o.a.j.t.JMeterThread: Thread finished: 13 Users 3 Url 3-13
2026-04-23 23:40:57,348 INFO o.a.j.t.JMeterThread: Thread finished: 13 Users 2 Url 2-19
2026-04-23 23:40:57,348 INFO o.a.j.t.JMeterThread: Thread finished: 13 Users 2 Url 2-39
2026-04-23 23:40:57,348 INFO o.a.j.t.JMeterThread: Thread finished: 13 Users 3 Url 3-1
2026-04-23 23:40:57,348 INFO o.a.j.t.JMeterThread: Stopping because end time detected by thread: 13 Users 3 Url 3-44
2026-04-23 23:40:57,347 INFO o.a.j.t.JMeterThread: Thread finished: 13 Users 2 Url 2-16
2026-04-23 23:40:57,348 INFO o.a.j.t.JMeterThread: Thread finished: 13 Users 1 Url 1-12
2026-04-23 23:40:57,348 INFO o.a.j.t.JMeterThread: Thread finished: 13 Users 2 Url 2-42
2026-04-23 23:40:57,348 INFO o.a.j.t.JMeterThread: Thread finished: 13 Users 3 Url 3-44
2026-04-23 23:40:58,616 INFO o.a.j.t.JMeterThread: Stopping because end time detected by thread: 13 Users 1 Url 1-36
2026-04-23 23:40:58,617 INFO o.a.j.t.JMeterThread: Thread finished: 13 Users 1 Url 1-36
2026-04-23 23:40:58,616 INFO o.a.j.t.JMeterThread: Stopping because end time detected by thread: 13 Users 2 Url 2-12
2026-04-23 23:40:58,617 INFO o.a.j.t.JMeterThread: Stopping because end time detected by thread: 13 Users 1 Url 1-49
2026-04-23 23:40:58,617 INFO o.a.j.t.JMeterThread: Stopping because end time detected by thread: 13 Users 1 Url 1-47
2026-04-23 23:40:58,617 INFO o.a.j.t.JMeterThread: Thread finished: 13 Users 1 Url 1-49
2026-04-23 23:40:58,617 INFO o.a.j.t.JMeterThread: Thread finished: 13 Users 1 Url 1-47
2026-04-23 23:40:58,617 INFO o.a.j.t.JMeterThread: Stopping because end time detected by thread: 13 Users 2 Url 2-14
2026-04-23 23:40:58,618 INFO o.a.j.t.JMeterThread: Thread finished: 13 Users 2 Url 2-14
2026-04-23 23:40:58,618 INFO o.a.j.t.JMeterThread: Stopping because end time detected by thread: 13 Users 1 Url 1-8
2026-04-23 23:40:58,618 INFO o.a.j.t.JMeterThread: Stopping because end time detected by thread: 13 Users 1 Url 1-11
2026-04-23 23:40:58,618 INFO o.a.j.t.JMeterThread: Thread finished: 13 Users 1 Url 1-8
2026-04-23 23:40:58,618 INFO o.a.j.t.JMeterThread: Stopping because end time detected by thread: 13 Users 2 Url 2-7
2026-04-23 23:40:58,618 INFO o.a.j.t.JMeterThread: Thread finished: 13 Users 1 Url 1-11
2026-04-23 23:40:58,618 INFO o.a.j.t.JMeterThread: Stopping because end time detected by thread: 13 Users 2 Url 2-11
2026-04-23 23:40:58,619 INFO o.a.j.t.JMeterThread: Thread finished: 13 Users 2 Url 2-7
2026-04-23 23:40:58,617 INFO o.a.j.t.JMeterThread: Stopping because end time detected by thread: 13 Users 2 Url 2-13
2026-04-23 23:40:58,617 INFO o.a.j.t.JMeterThread: Thread finished: 13 Users 2 Url 2-12
2026-04-23 23:40:58,619 INFO o.a.j.t.JMeterThread: Stopping because end time detected by thread: 13 Users 1 Url 1-25
2026-04-23 23:40:58,619 INFO o.a.j.t.JMeterThread: Thread finished: 13 Users 2 Url 2-13
2026-04-23 23:40:58,619 INFO o.a.j.t.JMeterThread: Stopping because end time detected by thread: 13 Users 3 Url 3-43
2026-04-23 23:40:58,619 INFO o.a.j.t.JMeterThread: Thread finished: 13 Users 1 Url 1-25
2026-04-23 23:40:58,619 INFO o.a.j.t.JMeterThread: Stopping because end time detected by thread: 13 Users 2 Url 2-35
2026-04-23 23:40:58,619 INFO o.a.j.t.JMeterThread: Stopping because end time detected by thread: 13 Users 2 Url 2-48
2026-04-23 23:40:58,619 INFO o.a.j.t.JMeterThread: Stopping because end time detected by thread: 13 Users 2 Url 2-6
2026-04-23 23:40:58,619 INFO o.a.j.t.JMeterThread: Stopping because end time detected by thread: 13 Users 3 Url 3-4
2026-04-23 23:40:58,620 INFO o.a.j.t.JMeterThread: Thread finished: 13 Users 2 Url 2-48
2026-04-23 23:40:58,618 INFO o.a.j.t.JMeterThread: Stopping because end time detected by thread: 13 Users 2 Url 2-41
2026-04-23 23:40:58,620 INFO o.a.j.t.JMeterThread: Thread finished: 13 Users 2 Url 2-41
2026-04-23 23:40:58,620 INFO o.a.j.t.JMeterThread: Thread finished: 13 Users 2 Url 2-6
2026-04-23 23:40:58,620 INFO o.a.j.t.JMeterThread: Stopping because end time detected by thread: 13 Users 3 Url 3-46
2026-04-23 23:40:58,619 INFO o.a.j.t.JMeterThread: Stopping because end time detected by thread: 13 Users 3 Url 3-10
2026-04-23 23:40:58,619 INFO o.a.j.t.JMeterThread: Stopping because end time detected by thread: 13 Users 2 Url 2-40
2026-04-23 23:40:58,620 INFO o.a.j.t.JMeterThread: Thread finished: 13 Users 3 Url 3-4
2026-04-23 23:40:58,621 INFO o.a.j.t.JMeterThread: Stopping because end time detected by thread: 13 Users 3 Url 3-3
2026-04-23 23:40:58,619 INFO o.a.j.t.JMeterThread: Thread finished: 13 Users 2 Url 2-35
2026-04-23 23:40:58,619 INFO o.a.j.t.JMeterThread: Thread finished: 13 Users 3 Url 3-43
2026-04-23 23:40:58,621 INFO o.a.j.t.JMeterThread: Thread finished: 13 Users 2 Url 2-40
2026-04-23 23:40:58,621 INFO o.a.j.t.JMeterThread: Stopping because end time detected by thread: 13 Users 2 Url 2-37
2026-04-23 23:40:58,621 INFO o.a.j.t.JMeterThread: Thread finished: 13 Users 2 Url 2-37
2026-04-23 23:40:58,621 INFO o.a.j.t.JMeterThread: Stopping because end time detected by thread: 13 Users 3 Url 3-33
2026-04-23 23:40:58,619 INFO o.a.j.t.JMeterThread: Thread finished: 13 Users 2 Url 2-11
2026-04-23 23:40:58,621 INFO o.a.j.t.JMeterThread: Stopping because end time detected by thread: 13 Users 1 Url 1-18
2026-04-23 23:40:58,621 INFO o.a.j.t.JMeterThread: Thread finished: 13 Users 3 Url 3-3
2026-04-23 23:40:58,621 INFO o.a.j.t.JMeterThread: Thread finished: 13 Users 3 Url 3-10
2026-04-23 23:40:58,622 INFO o.a.j.t.JMeterThread: Stopping because end time detected by thread: 13 Users 3 Url 3-6
2026-04-23 23:40:58,622 INFO o.a.j.t.JMeterThread: Thread finished: 13 Users 3 Url 3-6
2026-04-23 23:40:58,622 INFO o.a.j.t.JMeterThread: Stopping because end time detected by thread: 13 Users 2 Url 2-4
2026-04-23 23:40:58,623 INFO o.a.j.t.JMeterThread: Thread finished: 13 Users 2 Url 2-4
2026-04-23 23:40:58,622 INFO o.a.j.t.JMeterThread: Thread finished: 13 Users 1 Url 1-18
2026-04-23 23:40:58,621 INFO o.a.j.t.JMeterThread: Thread finished: 13 Users 3 Url 3-33
2026-04-23 23:40:58,623 INFO o.a.j.t.JMeterThread: Stopping because end time detected by thread: 13 Users 3 Url 3-11
2026-04-23 23:40:58,623 INFO o.a.j.t.JMeterThread: Thread finished: 13 Users 3 Url 3-46
2026-04-23 23:40:58,623 INFO o.a.j.t.JMeterThread: Thread finished: 13 Users 3 Url 3-11
2026-04-23 23:40:58,623 INFO o.a.j.t.JMeterThread: Stopping because end time detected by thread: 13 Users 1 Url 1-13
2026-04-23 23:40:58,623 INFO o.a.j.t.JMeterThread: Thread finished: 13 Users 1 Url 1-13
2026-04-23 23:40:58,623 INFO o.a.j.t.JMeterThread: Stopping because end time detected by thread: 13 Users 1 Url 1-14
2026-04-23 23:40:58,623 INFO o.a.j.t.JMeterThread: Thread finished: 13 Users 1 Url 1-14
2026-04-23 23:40:58,623 INFO o.a.j.t.JMeterThread: Stopping because end time detected by thread: 13 Users 3 Url 3-49
2026-04-23 23:40:58,623 INFO o.a.j.t.JMeterThread: Thread finished: 13 Users 3 Url 3-49
2026-04-23 23:40:58,623 INFO o.a.j.t.JMeterThread: Stopping because end time detected by thread: 13 Users 3 Url 3-39
2026-04-23 23:40:58,623 INFO o.a.j.t.JMeterThread: Thread finished: 13 Users 3 Url 3-39
2026-04-23 23:40:58,623 INFO o.a.j.t.JMeterThread: Stopping because end time detected by thread: 13 Users 1 Url 1-5
2026-04-23 23:40:58,623 INFO o.a.j.t.JMeterThread: Thread finished: 13 Users 1 Url 1-5
2026-04-23 23:40:58,625 INFO o.a.j.t.JMeterThread: Stopping because end time detected by thread: 13 Users 2 Url 2-49
2026-04-23 23:40:58,625 INFO o.a.j.t.JMeterThread: Thread finished: 13 Users 2 Url 2-49
2026-04-23 23:40:58,625 INFO o.a.j.t.JMeterThread: Stopping because end time detected by thread: 13 Users 3 Url 3-29
2026-04-23 23:40:58,625 INFO o.a.j.t.JMeterThread: Thread finished: 13 Users 3 Url 3-29
2026-04-23 23:40:58,625 INFO o.a.j.t.JMeterThread: Stopping because end time detected by thread: 13 Users 3 Url 3-7
2026-04-23 23:40:58,625 INFO o.a.j.t.JMeterThread: Stopping because end time detected by thread: 13 Users 1 Url 1-22
2026-04-23 23:40:58,625 INFO o.a.j.t.JMeterThread: Thread finished: 13 Users 3 Url 3-7
2026-04-23 23:40:58,625 INFO o.a.j.t.JMeterThread: Thread finished: 13 Users 1 Url 1-22
2026-04-23 23:40:58,625 INFO o.a.j.t.JMeterThread: Stopping because end time detected by thread: 13 Users 1 Url 1-6
2026-04-23 23:40:58,625 INFO o.a.j.t.JMeterThread: Stopping because end time detected by thread: 13 Users 1 Url 1-10
2026-04-23 23:40:58,625 INFO o.a.j.t.JMeterThread: Thread finished: 13 Users 1 Url 1-6
2026-04-23 23:40:58,625 INFO o.a.j.t.JMeterThread: Thread finished: 13 Users 1 Url 1-10
2026-04-23 23:40:58,625 INFO o.a.j.t.JMeterThread: Stopping because end time detected by thread: 13 Users 2 Url 2-17
2026-04-23 23:40:58,625 INFO o.a.j.t.JMeterThread: Stopping because end time detected by thread: 13 Users 2 Url 2-18
2026-04-23 23:40:58,625 INFO o.a.j.t.JMeterThread: Thread finished: 13 Users 2 Url 2-17
2026-04-23 23:40:58,625 INFO o.a.j.t.JMeterThread: Thread finished: 13 Users 2 Url 2-18
2026-04-23 23:40:58,663 INFO o.a.j.t.JMeterThread: Stopping because end time detected by thread: 13 Users 3 Url 3-35
2026-04-23 23:40:58,663 INFO o.a.j.t.JMeterThread: Stopping because end time detected by thread: 13 Users 2 Url 2-5
2026-04-23 23:40:58,664 INFO o.a.j.t.JMeterThread: Thread finished: 13 Users 3 Url 3-35
2026-04-23 23:40:58,664 INFO o.a.j.t.JMeterThread: Thread finished: 13 Users 2 Url 2-5
2026-04-23 23:40:58,663 INFO o.a.j.t.JMeterThread: Stopping because end time detected by thread: 13 Users 2 Url 2-36
2026-04-23 23:40:58,663 INFO o.a.j.t.JMeterThread: Stopping because end time detected by thread: 13 Users 1 Url 1-24
2026-04-23 23:40:58,664 INFO o.a.j.t.JMeterThread: Thread finished: 13 Users 2 Url 2-36
2026-04-23 23:40:58,664 INFO o.a.j.t.JMeterThread: Thread finished: 13 Users 1 Url 1-24
2026-04-23 23:40:58,663 INFO o.a.j.t.JMeterThread: Stopping because end time detected by thread: 13 Users 1 Url 1-29
2026-04-23 23:40:58,664 INFO o.a.j.t.JMeterThread: Thread finished: 13 Users 1 Url 1-29
2026-04-23 23:40:58,664 INFO o.a.j.t.JMeterThread: Stopping because end time detected by thread: 13 Users 1 Url 1-9
2026-04-23 23:40:58,664 INFO o.a.j.t.JMeterThread: Thread finished: 13 Users 1 Url 1-9
2026-04-23 23:40:58,664 INFO o.a.j.t.JMeterThread: Stopping because end time detected by thread: 13 Users 3 Url 3-28
2026-04-23 23:40:58,664 INFO o.a.j.t.JMeterThread: Thread finished: 13 Users 3 Url 3-28
2026-04-23 23:40:58,664 INFO o.a.j.t.JMeterThread: Stopping because end time detected by thread: 13 Users 3 Url 3-26
2026-04-23 23:40:58,664 INFO o.a.j.t.JMeterThread: Stopping because end time detected by thread: 13 Users 1 Url 1-39
2026-04-23 23:40:58,664 INFO o.a.j.t.JMeterThread: Stopping because end time detected by thread: 13 Users 2 Url 2-2
2026-04-23 23:40:58,664 INFO o.a.j.t.JMeterThread: Thread finished: 13 Users 3 Url 3-26
2026-04-23 23:40:58,664 INFO o.a.j.t.JMeterThread: Thread finished: 13 Users 1 Url 1-39
2026-04-23 23:40:58,665 INFO o.a.j.t.JMeterThread: Thread finished: 13 Users 2 Url 2-2
2026-04-23 23:40:58,665 INFO o.a.j.t.JMeterThread: Stopping because end time detected by thread: 13 Users 1 Url 1-33
2026-04-23 23:40:58,665 INFO o.a.j.t.JMeterThread: Stopping because end time detected by thread: 13 Users 1 Url 1-19
2026-04-23 23:40:58,665 INFO o.a.j.t.JMeterThread: Stopping because end time detected by thread: 13 Users 1 Url 1-2
2026-04-23 23:40:58,665 INFO o.a.j.t.JMeterThread: Thread finished: 13 Users 1 Url 1-19
2026-04-23 23:40:58,665 INFO o.a.j.t.JMeterThread: Thread finished: 13 Users 1 Url 1-33
2026-04-23 23:40:58,665 INFO o.a.j.t.JMeterThread: Thread finished: 13 Users 1 Url 1-2
2026-04-23 23:40:58,665 INFO o.a.j.t.JMeterThread: Stopping because end time detected by thread: 13 Users 1 Url 1-31
2026-04-23 23:40:58,665 INFO o.a.j.t.JMeterThread: Thread finished: 13 Users 1 Url 1-31
2026-04-23 23:40:58,666 INFO o.a.j.t.JMeterThread: Stopping because end time detected by thread: 13 Users 1 Url 1-42
2026-04-23 23:40:58,666 INFO o.a.j.t.JMeterThread: Thread finished: 13 Users 1 Url 1-42
2026-04-23 23:40:58,666 INFO o.a.j.t.JMeterThread: Stopping because end time detected by thread: 13 Users 1 Url 1-35
2026-04-23 23:40:58,666 INFO o.a.j.t.JMeterThread: Thread finished: 13 Users 1 Url 1-35
2026-04-23 23:40:58,666 INFO o.a.j.t.JMeterThread: Stopping because end time detected by thread: 13 Users 1 Url 1-37
2026-04-23 23:40:58,666 INFO o.a.j.t.JMeterThread: Thread finished: 13 Users 1 Url 1-37
2026-04-23 23:40:58,666 INFO o.a.j.t.JMeterThread: Stopping because end time detected by thread: 13 Users 1 Url 1-26
2026-04-23 23:40:58,666 INFO o.a.j.t.JMeterThread: Stopping because end time detected by thread: 13 Users 1 Url 1-45
2026-04-23 23:40:58,667 INFO o.a.j.t.JMeterThread: Thread finished: 13 Users 1 Url 1-26
2026-04-23 23:40:58,667 INFO o.a.j.t.JMeterThread: Thread finished: 13 Users 1 Url 1-45
2026-04-23 23:40:58,667 INFO o.a.j.t.JMeterThread: Stopping because end time detected by thread: 13 Users 1 Url 1-1
2026-04-23 23:40:58,667 INFO o.a.j.t.JMeterThread: Stopping because end time detected by thread: 13 Users 1 Url 1-43
2026-04-23 23:40:58,667 INFO o.a.j.t.JMeterThread: Thread finished: 13 Users 1 Url 1-1
2026-04-23 23:40:58,667 INFO o.a.j.t.JMeterThread: Thread finished: 13 Users 1 Url 1-43
2026-04-23 23:40:58,667 INFO o.a.j.t.JMeterThread: Stopping because end time detected by thread: 13 Users 1 Url 1-4
2026-04-23 23:40:58,667 INFO o.a.j.t.JMeterThread: Stopping because end time detected by thread: 13 Users 3 Url 3-41
2026-04-23 23:40:58,667 INFO o.a.j.t.JMeterThread: Stopping because end time detected by thread: 13 Users 3 Url 3-40
2026-04-23 23:40:58,667 INFO o.a.j.t.JMeterThread: Stopping because end time detected by thread: 13 Users 1 Url 1-34
2026-04-23 23:40:58,667 INFO o.a.j.t.JMeterThread: Thread finished: 13 Users 1 Url 1-4
2026-04-23 23:40:58,667 INFO o.a.j.t.JMeterThread: Thread finished: 13 Users 3 Url 3-40
2026-04-23 23:40:58,668 INFO o.a.j.t.JMeterThread: Stopping because end time detected by thread: 13 Users 3 Url 3-9
2026-04-23 23:40:58,668 INFO o.a.j.t.JMeterThread: Thread finished: 13 Users 1 Url 1-34
2026-04-23 23:40:58,668 INFO o.a.j.t.JMeterThread: Stopping because end time detected by thread: 13 Users 1 Url 1-20
2026-04-23 23:40:58,668 INFO o.a.j.t.JMeterThread: Stopping because end time detected by thread: 13 Users 1 Url 1-21
2026-04-23 23:40:58,668 INFO o.a.j.t.JMeterThread: Stopping because end time detected by thread: 13 Users 1 Url 1-32
2026-04-23 23:40:58,668 INFO o.a.j.t.JMeterThread: Thread finished: 13 Users 1 Url 1-20
2026-04-23 23:40:58,667 INFO o.a.j.t.JMeterThread: Thread finished: 13 Users 3 Url 3-41
2026-04-23 23:40:58,668 INFO o.a.j.t.JMeterThread: Thread finished: 13 Users 1 Url 1-32
2026-04-23 23:40:58,668 INFO o.a.j.t.JMeterThread: Stopping because end time detected by thread: 13 Users 1 Url 1-23
2026-04-23 23:40:58,668 INFO o.a.j.t.JMeterThread: Thread finished: 13 Users 1 Url 1-23
2026-04-23 23:40:58,668 INFO o.a.j.t.JMeterThread: Thread finished: 13 Users 1 Url 1-21
2026-04-23 23:40:58,668 INFO o.a.j.t.JMeterThread: Stopping because end time detected by thread: 13 Users 3 Url 3-37
2026-04-23 23:40:58,668 INFO o.a.j.t.JMeterThread: Thread finished: 13 Users 3 Url 3-9
2026-04-23 23:40:58,669 INFO o.a.j.t.JMeterThread: Thread finished: 13 Users 3 Url 3-37
2026-04-23 23:40:58,668 INFO o.a.j.t.JMeterThread: Stopping because end time detected by thread: 13 Users 3 Url 3-5
2026-04-23 23:40:58,669 INFO o.a.j.t.JMeterThread: Thread finished: 13 Users 3 Url 3-5
2026-04-23 23:40:58,751 INFO o.a.j.t.JMeterThread: Stopping because end time detected by thread: 13 Users 2 Url 2-1
2026-04-23 23:40:58,751 INFO o.a.j.t.JMeterThread: Stopping because end time detected by thread: 13 Users 1 Url 1-50
2026-04-23 23:40:58,751 INFO o.a.j.t.JMeterThread: Stopping because end time detected by thread: 13 Users 1 Url 1-48
2026-04-23 23:40:58,751 INFO o.a.j.t.JMeterThread: Thread finished: 13 Users 2 Url 2-1
2026-04-23 23:40:58,751 INFO o.a.j.t.JMeterThread: Stopping because end time detected by thread: 13 Users 2 Url 2-3
2026-04-23 23:40:58,751 INFO o.a.j.t.JMeterThread: Thread finished: 13 Users 1 Url 1-50
2026-04-23 23:40:58,751 INFO o.a.j.t.JMeterThread: Thread finished: 13 Users 1 Url 1-48
2026-04-23 23:40:58,751 INFO o.a.j.t.JMeterThread: Stopping because end time detected by thread: 13 Users 3 Url 3-18
2026-04-23 23:40:58,751 INFO o.a.j.t.JMeterThread: Stopping because end time detected by thread: 13 Users 3 Url 3-32
2026-04-23 23:40:58,751 INFO o.a.j.t.JMeterThread: Thread finished: 13 Users 2 Url 2-3
2026-04-23 23:40:58,752 INFO o.a.j.t.JMeterThread: Thread finished: 13 Users 3 Url 3-32
2026-04-23 23:40:58,752 INFO o.a.j.t.JMeterThread: Thread finished: 13 Users 3 Url 3-18
2026-04-23 23:40:58,774 INFO o.a.j.t.JMeterThread: Stopping because end time detected by thread: 13 Users 2 Url 2-21
2026-04-23 23:40:58,775 INFO o.a.j.t.JMeterThread: Thread finished: 13 Users 2 Url 2-21
2026-04-23 23:40:58,831 INFO o.a.j.t.JMeterThread: Stopping because end time detected by thread: 13 Users 2 Url 2-22
2026-04-23 23:40:58,832 INFO o.a.j.t.JMeterThread: Thread finished: 13 Users 2 Url 2-22
2026-04-23 23:40:58,841 INFO o.a.j.t.JMeterThread: Stopping because end time detected by thread: 13 Users 2 Url 2-9
2026-04-23 23:40:58,842 INFO o.a.j.t.JMeterThread: Thread finished: 13 Users 2 Url 2-9
2026-04-23 23:40:58,971 INFO o.a.j.t.JMeterThread: Stopping because end time detected by thread: 13 Users 2 Url 2-10
2026-04-23 23:40:58,971 INFO o.a.j.t.JMeterThread: Thread finished: 13 Users 2 Url 2-10
2026-04-23 23:40:58,980 INFO o.a.j.t.JMeterThread: Stopping because end time detected by thread: 13 Users 2 Url 2-20
2026-04-23 23:40:58,980 INFO o.a.j.t.JMeterThread: Thread finished: 13 Users 2 Url 2-20
2026-04-23 23:40:58,994 INFO o.a.j.t.JMeterThread: Stopping because end time detected by thread: 13 Users 2 Url 2-47
2026-04-23 23:40:58,995 INFO o.a.j.t.JMeterThread: Thread finished: 13 Users 2 Url 2-47
2026-04-23 23:40:59,021 INFO o.a.j.t.JMeterThread: Stopping because end time detected by thread: 13 Users 3 Url 3-30
2026-04-23 23:40:59,021 INFO o.a.j.t.JMeterThread: Thread finished: 13 Users 3 Url 3-30
2026-04-23 23:40:59,021 INFO o.a.j.t.JMeterThread: Stopping because end time detected by thread: 13 Users 2 Url 2-31
2026-04-23 23:40:59,021 INFO o.a.j.t.JMeterThread: Thread finished: 13 Users 2 Url 2-31
2026-04-23 23:40:59,021 INFO o.a.j.t.JMeterThread: Stopping because end time detected by thread: 13 Users 3 Url 3-38
2026-04-23 23:40:59,023 INFO o.a.j.t.JMeterThread: Stopping because end time detected by thread: 13 Users 1 Url 1-30
2026-04-23 23:40:59,023 INFO o.a.j.t.JMeterThread: Thread finished: 13 Users 1 Url 1-30
2026-04-23 23:40:59,023 INFO o.a.j.t.JMeterThread: Thread finished: 13 Users 3 Url 3-38
2026-04-23 23:40:59,024 INFO o.a.j.t.JMeterThread: Stopping because end time detected by thread: 13 Users 3 Url 3-20
2026-04-23 23:40:59,024 INFO o.a.j.t.JMeterThread: Thread finished: 13 Users 3 Url 3-20
2026-04-23 23:40:59,025 INFO o.a.j.t.JMeterThread: Stopping because end time detected by thread: 13 Users 2 Url 2-28
2026-04-23 23:40:59,025 INFO o.a.j.t.JMeterThread: Thread finished: 13 Users 2 Url 2-28
2026-04-23 23:40:59,025 INFO o.a.j.t.JMeterThread: Stopping because end time detected by thread: 13 Users 2 Url 2-26
2026-04-23 23:40:59,025 INFO o.a.j.t.JMeterThread: Thread finished: 13 Users 2 Url 2-26
2026-04-23 23:40:59,025 INFO o.a.j.t.JMeterThread: Stopping because end time detected by thread: 13 Users 3 Url 3-21
2026-04-23 23:40:59,025 INFO o.a.j.t.JMeterThread: Thread finished: 13 Users 3 Url 3-21
2026-04-23 23:40:59,026 INFO o.a.j.t.JMeterThread: Stopping because end time detected by thread: 13 Users 2 Url 2-15
2026-04-23 23:40:59,026 INFO o.a.j.t.JMeterThread: Thread finished: 13 Users 2 Url 2-15
2026-04-23 23:40:59,026 INFO o.a.j.t.JMeterThread: Stopping because end time detected by thread: 13 Users 2 Url 2-46
2026-04-23 23:40:59,026 INFO o.a.j.t.JMeterThread: Stopping because end time detected by thread: 13 Users 3 Url 3-45
2026-04-23 23:40:59,026 INFO o.a.j.t.JMeterThread: Thread finished: 13 Users 2 Url 2-46
2026-04-23 23:40:59,026 INFO o.a.j.t.JMeterThread: Thread finished: 13 Users 3 Url 3-45
2026-04-23 23:40:59,029 INFO o.a.j.t.JMeterThread: Stopping because end time detected by thread: 13 Users 2 Url 2-8
2026-04-23 23:40:59,029 INFO o.a.j.t.JMeterThread: Thread finished: 13 Users 2 Url 2-8
2026-04-23 23:40:59,029 INFO o.a.j.e.StandardJMeterEngine: Notifying test listeners of end of test
2026-04-23 23:40:59,030 INFO o.a.j.r.Summariser: summary +    757 in 00:00:29 =   26.4/s Avg:  6151 Min:  3717 Max:  9587 Err:    26 (3.43%) Active: 0 Started: 150 Finished: 150
2026-04-23 23:40:59,031 INFO o.a.j.r.Summariser: summary =   3508 in 00:02:34 =   22.8/s Avg:  4434 Min:   509 Max:  9587 Err:    53 (1.51%)
2026-04-23 23:40:59,032 INFO o.a.j.JMeter: Generating Dashboard
2026-04-23 23:40:59,033 INFO o.a.j.r.d.ReportGenerator: Flushing result collector before report Generation
2026-04-23 23:40:59,090 INFO o.a.j.r.p.NormalizerSampleConsumer: Using format, 'ms', to parse timeStamp field
2026-04-23 23:40:59,279 INFO o.a.j.r.p.AbstractSampleConsumer: class org.apache.jmeter.report.processor.AggregateConsumer#stopProducing(): beginDate produced 0 samples
2026-04-23 23:40:59,279 INFO o.a.j.r.p.AbstractSampleConsumer: class org.apache.jmeter.report.processor.AggregateConsumer#stopProducing(): endDate produced 0 samples
2026-04-23 23:40:59,286 INFO o.a.j.r.p.AbstractSampleConsumer: class org.apache.jmeter.report.processor.ApdexSummaryConsumer#stopProducing(): apdexSummary produced 0 samples
2026-04-23 23:40:59,286 INFO o.a.j.r.p.AbstractSampleConsumer: class org.apache.jmeter.report.processor.RequestsSummaryConsumer#stopProducing(): requestsSummary produced 0 samples
2026-04-23 23:40:59,298 INFO o.a.j.r.p.AbstractSampleConsumer: class org.apache.jmeter.report.processor.StatisticsSummaryConsumer#stopProducing(): statisticsSummary produced 0 samples
2026-04-23 23:40:59,301 INFO o.a.j.r.p.AbstractSampleConsumer: class org.apache.jmeter.report.processor.Top5ErrorsBySamplerConsumer#stopProducing(): top5ErrorsBySampler produced 0 samples
2026-04-23 23:40:59,301 INFO o.a.j.r.p.AbstractSampleConsumer: class org.apache.jmeter.report.processor.ErrorsSummaryConsumer#stopProducing(): errorsSummary produced 0 samples
2026-04-23 23:40:59,301 INFO o.a.j.r.p.AbstractSampleConsumer: class org.apache.jmeter.report.processor.graph.impl.HitsPerSecondGraphConsumer#stopProducing(): hitsPerSecond produced 0 samples
2026-04-23 23:40:59,404 INFO o.a.j.r.p.AbstractSampleConsumer: class org.apache.jmeter.report.processor.graph.impl.LatencyVSRequestGraphConsumer#stopProducing(): latencyVsRequest produced 0 samples
2026-04-23 23:40:59,405 INFO o.a.j.r.p.AbstractSampleConsumer: class org.apache.jmeter.report.processor.graph.impl.SyntheticResponseTimeDistributionGraphConsumer#stopProducing(): syntheticResponseTimeDistribution produced 0 samples
2026-04-23 23:40:59,406 INFO o.a.j.r.p.AbstractSampleConsumer: class org.apache.jmeter.report.processor.graph.impl.BytesThroughputGraphConsumer#stopProducing(): bytesThroughputOverTime produced 0 samples
2026-04-23 23:40:59,406 INFO o.a.j.r.p.AbstractSampleConsumer: class org.apache.jmeter.report.processor.graph.impl.CodesPerSecondGraphConsumer#stopProducing(): codesPerSecond produced 0 samples
2026-04-23 23:40:59,484 INFO o.a.j.r.p.AbstractSampleConsumer: class org.apache.jmeter.report.processor.graph.impl.ResponseTimeVSRequestGraphConsumer#stopProducing(): responseTimeVsRequest produced 0 samples
2026-04-23 23:40:59,485 INFO o.a.j.r.p.AbstractSampleConsumer: class org.apache.jmeter.report.processor.FilterConsumer#stopProducing(): startIntervalControlerFilter produced 24556 samples
2026-04-23 23:40:59,485 INFO o.a.j.r.p.AbstractSampleConsumer: class org.apache.jmeter.report.processor.graph.impl.TotalTPSGraphConsumer#stopProducing(): totalTPS produced 0 samples
2026-04-23 23:40:59,485 INFO o.a.j.r.p.AbstractSampleConsumer: class org.apache.jmeter.report.processor.graph.impl.ActiveThreadsGraphConsumer#stopProducing(): activeThreadsOverTime produced 0 samples
2026-04-23 23:40:59,485 INFO o.a.j.r.p.AbstractSampleConsumer: class org.apache.jmeter.report.processor.graph.impl.TimeVSThreadGraphConsumer#stopProducing(): timeVsThreads produced 0 samples
2026-04-23 23:40:59,486 INFO o.a.j.r.p.AbstractSampleConsumer: class org.apache.jmeter.report.processor.graph.impl.ResponseTimeDistributionGraphConsumer#stopProducing(): responseTimeDistribution produced 0 samples
2026-04-23 23:40:59,486 INFO o.a.j.r.p.AbstractSampleConsumer: class org.apache.jmeter.report.processor.graph.impl.TransactionsPerSecondGraphConsumer#stopProducing(): transactionsPerSecond produced 0 samples
2026-04-23 23:40:59,486 INFO o.a.j.r.p.AbstractSampleConsumer: class org.apache.jmeter.report.processor.graph.impl.ResponseTimePercentilesGraphConsumer#stopProducing(): responseTimePercentiles produced 0 samples
2026-04-23 23:40:59,489 INFO o.a.j.r.p.AbstractSampleConsumer: class org.apache.jmeter.report.processor.graph.impl.ResponseTimePercentilesOverTimeGraphConsumer#stopProducing(): responseTimePercentilesOverTime produced 0 samples
2026-04-23 23:40:59,490 INFO o.a.j.r.p.AbstractSampleConsumer: class org.apache.jmeter.report.processor.graph.impl.ResponseTimeOverTimeGraphConsumer#stopProducing(): responseTimesOverTime produced 0 samples
2026-04-23 23:40:59,491 INFO o.a.j.r.p.AbstractSampleConsumer: class org.apache.jmeter.report.processor.graph.impl.ConnectTimeOverTimeGraphConsumer#stopProducing(): connectTimeOverTime produced 0 samples
2026-04-23 23:40:59,491 INFO o.a.j.r.p.AbstractSampleConsumer: class org.apache.jmeter.report.processor.graph.impl.LatencyOverTimeGraphConsumer#stopProducing(): latenciesOverTime produced 0 samples
2026-04-23 23:40:59,491 INFO o.a.j.r.p.AbstractSampleConsumer: class org.apache.jmeter.report.processor.FilterConsumer#stopProducing(): nameFilter produced 52620 samples
2026-04-23 23:40:59,491 INFO o.a.j.r.p.AbstractSampleConsumer: class org.apache.jmeter.report.processor.FilterConsumer#stopProducing(): dateRangeFilter produced 10524 samples
2026-04-23 23:40:59,491 INFO o.a.j.r.p.AbstractSampleConsumer: class org.apache.jmeter.report.processor.NormalizerSampleConsumer#stopProducing(): normalizer produced 3508 samples
2026-04-23 23:40:59,492 INFO o.a.j.r.p.CsvFileSampleSource: produce(): 3508 samples produced in 375ms on channel 0
2026-04-23 23:40:59,492 INFO o.a.j.r.d.ReportGenerator: Exporting data using exporter:'json' of className:'org.apache.jmeter.report.dashboard.JsonExporter'
2026-04-23 23:40:59,546 INFO o.a.j.r.d.JsonExporter: Found data for consumer statisticsSummary in context
2026-04-23 23:40:59,546 INFO o.a.j.r.d.JsonExporter: Creating statistics for overall
2026-04-23 23:40:59,546 INFO o.a.j.r.d.JsonExporter: Creating statistics for other transactions
2026-04-23 23:40:59,546 INFO o.a.j.r.d.JsonExporter: Checking output folder
2026-04-23 23:40:59,549 INFO o.a.j.r.d.JsonExporter: Writing statistics JSON to D:\tpo\lab4\result_graph\statistics.json
2026-04-23 23:40:59,576 INFO o.a.j.r.d.ReportGenerator: Exporting data using exporter:'html' of className:'org.apache.jmeter.report.dashboard.HtmlTemplateExporter'
2026-04-23 23:40:59,578 INFO o.a.j.r.d.HtmlTemplateExporter: Will generate dashboard in folder: D:\tpo\lab4\result_graph
2026-04-23 23:40:59,692 INFO o.a.j.r.d.HtmlTemplateExporter: Report will be generated in: D:\tpo\lab4\result_graph, creating folder structure
2026-04-23 23:40:59,694 INFO o.a.j.r.d.TemplateVisitor: Copying folder from 'C:\Java\apache-jmeter-5.6.3\bin\report-template' to 'D:\tpo\lab4\result_graph', got message: D:\tpo\lab4\result_graph, found non empty folder with following content [D:\tpo\lab4\result_graph\statistics.json], will be ignored
2026-04-23 23:40:59,861 INFO o.a.j.JMeter: Dashboard generated
